<?xml version="1.0" encoding="UTF-8"?>
<testng-results ignored="0" total="1" passed="1" failed="0" skipped="0">
  <reporter-output>
  </reporter-output>
  <suite started-at="2022-12-14T23:03:53 PST" name="Default suite" finished-at="2022-12-14T23:03:55 PST" duration-ms="1208">
    <groups>
    </groups>
    <test started-at="2022-12-14T23:03:53 PST" name="Default test" finished-at="2022-12-14T23:03:55 PST" duration-ms="1208">
      <class name="com.qa.tests.PutUsersAPITest">
        <test-method is-config="true" signature="setUp()[pri:0, instance:com.qa.tests.PutUsersAPITest@769f71a9]" started-at="2022-12-14T23:03:53 PST" name="setUp" finished-at="2022-12-14T23:03:53 PST" duration-ms="12" status="PASS">
          <reporter-output>
          </reporter-output>
        </test-method> <!-- setUp -->
        <test-method signature="PutUsersAPIWithHeaders()[pri:0, instance:com.qa.tests.PutUsersAPITest@769f71a9]" started-at="2022-12-14T23:03:53 PST" name="PutUsersAPIWithHeaders" finished-at="2022-12-14T23:03:55 PST" duration-ms="1157" status="PASS">
          <reporter-output>
          </reporter-output>
        </test-method> <!-- PutUsersAPIWithHeaders -->
      </class> <!-- com.qa.tests.PutUsersAPITest -->
    </test> <!-- Default test -->
  </suite> <!-- Default suite -->
</testng-results>
